# configure exec: ./configure --prefix=/home/nejoo/Escritorio/T2-SistemasDistribuidos/node_modules/node-rdkafka/build/deps --libdir=/home/nejoo/Escritorio/T2-SistemasDistribuidos/node_modules/node-rdkafka/build/deps --prefix=/home/nejoo/Escritorio/T2-SistemasDistribuidos/node_modules/node-rdkafka/build/deps --libdir=/home/nejoo/Escritorio/T2-SistemasDistribuidos/node_modules/node-rdkafka/build/deps
# On sáb 20 may 2023 02:16:26 -04
DBG 42447: Setting distro (distro) status to ok (action ignore)
DBG 42447: ccenv: WITH_CC:  --version failed: mklove/modules/configure.base: línea 1824: --version: orden no encontrada
DBG 42447: Setting ccenv (ccenv) status to failed (action cont)
DBG 42447: Check ccenv (WITH_CC, action cont (originally cont)) failed: command ' --version' failed:
mklove/modules/configure.base: línea 1824: --version: orden no encontrada
DBG 42447: Setting gcc (gcc) status to ok (action cont)
DBG 42447: cxxenv: WITH_CXX:  --version failed: mklove/modules/configure.base: línea 1824: --version: orden no encontrada
DBG 42447: Setting cxxenv (cxxenv) status to failed (action cont)
DBG 42447: Check cxxenv (WITH_CXX, action cont (originally cont)) failed: command ' --version' failed:
mklove/modules/configure.base: línea 1824: --version: orden no encontrada
DBG 42447: Setting gxx (gxx) status to ok (action cont)
DBG 42447: Setting ld (ld) status to ok (action disable)
DBG 42447: Setting nm (nm) status to ok (action disable)
DBG 42447: Setting objdump (objdump) status to ok (action disable)
DBG 42447: Setting strip (strip) status to ok (action disable)
DBG 42447: libtool: : libtool is not executable: 
DBG 42447: Setting libtool (libtool) status to failed (action disable)
DBG 42447: Check libtool (, action disable (originally disable)) failed: libtool is not executable
DBG 42447: Setting ranlib (ranlib) status to ok (action disable)
DBG 42447: Setting pkgconfig (pkgconfig) status to ok (action cont)
DBG 42447: Setting install (install) status to ok (action cont)
DBG 42447: Setting gnuar (gnuar) status to ok (action disable)
DBG 42447: Compile check PIC (HAVE_PIC) (sub=0): gcc  -g -O2 -Wall -Werror _mkltmpBq2EQD.c -o _mkltmpBq2EQD.c.o  -L/home/nejoo/Escritorio/T2-SistemasDistribuidos/node_modules/node-rdkafka/build/deps -fPIC 
DBG 42447: Setting PIC (PIC) status to ok (action disable)
DBG 42447: Compile check gnulib (WITH_GNULD) (sub=0): gcc  -g -O2 -fPIC -Wall -Werror _mkltmpNhtWNA.c -o _mkltmpNhtWNA.c.o  -L/home/nejoo/Escritorio/T2-SistemasDistribuidos/node_modules/node-rdkafka/build/deps -shared -Wl,-soname,mkltest.0 
DBG 42447: Setting gnulib (gnulib) status to ok (action cont)
DBG 42447: Compile check ldsflagvs () (sub=0): gcc  -g -O2 -fPIC -Wall -Werror _mkltmpqToZaB.c -o _mkltmpqToZaB.c.o  -L/home/nejoo/Escritorio/T2-SistemasDistribuidos/node_modules/node-rdkafka/build/deps -shared -Wl,--version-script=_mkltmphFyzC7 
DBG 42447: Setting ldsflagvs (ldsflagvs) status to ok (action cont)
DBG 42447: Compile check __atomic_32 (HAVE_ATOMICS_32) (sub=0): gcc  -g -O2 -fPIC -Wall -Werror _mkltmp2IaizJ.c -o _mkltmp2IaizJ.c.o  -L/home/nejoo/Escritorio/T2-SistemasDistribuidos/node_modules/node-rdkafka/build/deps  
DBG 42447: Setting __atomic_32 (__atomic_32) status to ok (action cont)
DBG 42447: Compile check __atomic_64 (HAVE_ATOMICS_64) (sub=0): gcc  -g -O2 -fPIC -Wall -Werror _mkltmp3mzoQl.c -o _mkltmp3mzoQl.c.o  -L/home/nejoo/Escritorio/T2-SistemasDistribuidos/node_modules/node-rdkafka/build/deps  
DBG 42447: Setting __atomic_64 (__atomic_64) status to ok (action cont)
DBG 42447: Compile check socket () (sub=0): gcc  -g -O2 -fPIC -Wall -Wsign-compare -Wfloat-equal -Wpointer-arith -Wcast-align -Wall -Werror _mkltmpt3jRe3.c -o _mkltmpt3jRe3.c.o  -L/home/nejoo/Escritorio/T2-SistemasDistribuidos/node_modules/node-rdkafka/build/deps  
DBG 42447: Setting socket (socket) status to ok (action cont)
DBG 42447: Setting parseversion (parseversion) status to ok (action cont)
DBG 42447: pkg-config check librt for CFLAGS (): pkg-config --short-errors --cflags librt
DBG 42447: 'pkg-config --short-errors --cflags librt' failed: No package 'librt' found
DBG 42447: Setting librt_PKGCONFIG (librt_PKGCONFIG) status to failed (action cont)
DBG 42447: Check librt_PKGCONFIG (, action cont (originally cont)) failed: 'pkg-config --short-errors --cflags librt' failed:
No package 'librt' found
DBG 42447: librt: Check for static library (libs -lrt, arfile variable STATIC_LIB_librt=, static filenames )
DBG 42447: Compile check librt () (sub=0): gcc  -g -O2 -fPIC -Wall -Wsign-compare -Wfloat-equal -Wpointer-arith -Wcast-align -Wall -Werror _mkltmpkxs3x4.c -o _mkltmpkxs3x4.c.o  -L/home/nejoo/Escritorio/T2-SistemasDistribuidos/node_modules/node-rdkafka/build/deps -lrt 
DBG 42447: Setting librt (librt) status to ok (action cont)
DBG 42447: librt: from lib_check: LIBS: prepend -lrt
DBG 42447: pkg-config check libpthread for CFLAGS (): pkg-config --short-errors --cflags libpthread
DBG 42447: 'pkg-config --short-errors --cflags libpthread' failed: No package 'libpthread' found
DBG 42447: Setting libpthread_PKGCONFIG (libpthread_PKGCONFIG) status to failed (action cont)
DBG 42447: Check libpthread_PKGCONFIG (, action cont (originally cont)) failed: 'pkg-config --short-errors --cflags libpthread' failed:
No package 'libpthread' found
DBG 42447: libpthread: Check for static library (libs -lpthread, arfile variable STATIC_LIB_libpthread=, static filenames )
DBG 42447: Compile check libpthread () (sub=0): gcc  -g -O2 -fPIC -Wall -Wsign-compare -Wfloat-equal -Wpointer-arith -Wcast-align -Wall -Werror _mkltmppzX5wV.c -o _mkltmppzX5wV.c.o  -L/home/nejoo/Escritorio/T2-SistemasDistribuidos/node_modules/node-rdkafka/build/deps -lpthread -lrt
DBG 42447: Setting libpthread (libpthread) status to ok (action fail)
DBG 42447: libpthread: from lib_check: LIBS: prepend -lpthread
DBG 42447: pkg-config check c11threads for CFLAGS (WITH_C11THREADS): pkg-config --short-errors --cflags c11threads
DBG 42447: 'pkg-config --short-errors --cflags c11threads' failed: No package 'c11threads' found
DBG 42447: Setting c11threads_PKGCONFIG (c11threads_PKGCONFIG) status to failed (action cont)
DBG 42447: Check c11threads_PKGCONFIG (, action cont (originally cont)) failed: 'pkg-config --short-errors --cflags c11threads' failed:
No package 'c11threads' found
DBG 42447: c11threads: Check for static library (libs -lpthread -lrt, arfile variable STATIC_LIB_c11threads=, static filenames )
DBG 42447: Compile check c11threads (WITH_C11THREADS) (sub=0): gcc  -g -O2 -fPIC -Wall -Wsign-compare -Wfloat-equal -Wpointer-arith -Wcast-align -Wall -Werror _mkltmpvm8pBv.c -o _mkltmpvm8pBv.c.o  -L/home/nejoo/Escritorio/T2-SistemasDistribuidos/node_modules/node-rdkafka/build/deps -lpthread -lrt -lpthread -lrt
DBG 42447: Setting c11threads (c11threads) status to ok (action disable)
DBG 42447: c11threads: from lib_check: LIBS: prepend -lpthread -lrt
DBG 42447: pkg-config check libdl for CFLAGS (WITH_LIBDL): pkg-config --short-errors --cflags libdl
DBG 42447: 'pkg-config --short-errors --cflags libdl' failed: No package 'libdl' found
DBG 42447: Setting libdl_PKGCONFIG (libdl_PKGCONFIG) status to failed (action cont)
DBG 42447: Check libdl_PKGCONFIG (, action cont (originally cont)) failed: 'pkg-config --short-errors --cflags libdl' failed:
No package 'libdl' found
DBG 42447: libdl: Check for static library (libs -ldl, arfile variable STATIC_LIB_libdl=, static filenames )
DBG 42447: Compile check libdl (WITH_LIBDL) (sub=0): gcc  -g -O2 -fPIC -Wall -Wsign-compare -Wfloat-equal -Wpointer-arith -Wcast-align -Wall -Werror _mkltmpR7dY9f.c -o _mkltmpR7dY9f.c.o  -L/home/nejoo/Escritorio/T2-SistemasDistribuidos/node_modules/node-rdkafka/build/deps -ldl -lpthread -lrt -lpthread -lrt
DBG 42447: Setting libdl (libdl) status to ok (action disable)
DBG 42447: libdl: from lib_check: LIBS: prepend -ldl
DBG 42447: pkg-config check zlib for CFLAGS (WITH_ZLIB): pkg-config --short-errors --cflags zlib
DBG 42447: pkg-config check zlib for LIBS (WITH_ZLIB): pkg-config --short-errors --libs zlib
DBG 42447: zlib: from pkg-config: CFLAGS '', LIBS '-ldl -lpthread -lrt -lpthread -lrt'
DBG 42447: zlib: performing compile check using pkg-config info
DBG 42447: Compile check zlib (WITH_ZLIB) (sub=1): gcc  -g -O2 -fPIC -Wall -Wsign-compare -Wfloat-equal -Wpointer-arith -Wcast-align -Wall -Werror _mkltmpckEOUe.c -o _mkltmpckEOUe.c.o  -L/home/nejoo/Escritorio/T2-SistemasDistribuidos/node_modules/node-rdkafka/build/deps  -lz -ldl -lpthread -lrt -lpthread -lrt
DBG 42447: zlib: Check for static library (libs -lz, arfile variable STATIC_LIB_zlib=, static filenames libz.a)
DBG 42447: zlib: from pkg-config: LIBS: prepend -lz
DBG 42447: Setting zlib (zlib) status to ok (action cont)
DBG 42447: pkg-config check libcrypto for CFLAGS (): pkg-config --short-errors --cflags libcrypto
DBG 42447: 'pkg-config --short-errors --cflags libcrypto' failed: No package 'libcrypto' found
DBG 42447: Setting libcrypto_PKGCONFIG (libcrypto_PKGCONFIG) status to failed (action cont)
DBG 42447: Check libcrypto_PKGCONFIG (, action cont (originally cont)) failed: 'pkg-config --short-errors --cflags libcrypto' failed:
No package 'libcrypto' found
DBG 42447: libcrypto: Check for static library (libs -lcrypto, arfile variable STATIC_LIB_libcrypto=, static filenames libcrypto.a)
DBG 42447: Compile check libcrypto () (sub=0): gcc  -g -O2 -fPIC -Wall -Wsign-compare -Wfloat-equal -Wpointer-arith -Wcast-align -Wall -Werror _mkltmpfB4qKR.c -o _mkltmpfB4qKR.c.o  -L/home/nejoo/Escritorio/T2-SistemasDistribuidos/node_modules/node-rdkafka/build/deps -lcrypto -lz -ldl -lpthread -lrt -lpthread -lrt
DBG 42447: compile check for libcrypto () failed: gcc  -g -O2 -fPIC -Wall -Wsign-compare -Wfloat-equal -Wpointer-arith -Wcast-align -Wall -Werror _mkltmpfB4qKR.c -o _mkltmpfB4qKR.c.o  -L/home/nejoo/Escritorio/T2-SistemasDistribuidos/node_modules/node-rdkafka/build/deps -lcrypto -lz -ldl -lpthread -lrt -lpthread -lrt: _mkltmpfB4qKR.c:2:10: fatal error: openssl/ssl.h: No existe el archivo o el directorio
    2 | #include <openssl/ssl.h>
      |          ^~~~~~~~~~~~~~~
compilation terminated.
DBG 42447: Setting libcrypto (libcrypto) status to failed (action disable)
DBG 42447: Check libcrypto (, action disable (originally disable)) failed: compile check failed:
CC: CC
flags: -lcrypto
gcc  -g -O2 -fPIC -Wall -Wsign-compare -Wfloat-equal -Wpointer-arith -Wcast-align -Wall -Werror _mkltmpfB4qKR.c -o _mkltmpfB4qKR.c.o  -L/home/nejoo/Escritorio/T2-SistemasDistribuidos/node_modules/node-rdkafka/build/deps -lcrypto -lz -ldl -lpthread -lrt -lpthread -lrt:
_mkltmpfB4qKR.c:2:10: fatal error: openssl/ssl.h: No existe el archivo o el directorio
    2 | #include <openssl/ssl.h>
      |          ^~~~~~~~~~~~~~~
compilation terminated.
source: 
#include <openssl/ssl.h>
#include <openssl/evp.h>
#if OPENSSL_VERSION_NUMBER < 0x1000100fL
#error "Requires OpenSSL version >= v1.0.1"
#endif
DBG 42447: pkg-config check libsasl2 for CFLAGS (WITH_SASL_CYRUS): pkg-config --short-errors --cflags libsasl2
DBG 42447: 'pkg-config --short-errors --cflags libsasl2' failed: No package 'libsasl2' found
DBG 42447: Setting libsasl2_PKGCONFIG (libsasl2_PKGCONFIG) status to failed (action cont)
DBG 42447: Check libsasl2_PKGCONFIG (, action cont (originally cont)) failed: 'pkg-config --short-errors --cflags libsasl2' failed:
No package 'libsasl2' found
DBG 42447: libsasl2: Check for static library (libs -lsasl2, arfile variable STATIC_LIB_libsasl2=, static filenames )
DBG 42447: Compile check libsasl2 (WITH_SASL_CYRUS) (sub=0): gcc  -g -O2 -fPIC -Wall -Wsign-compare -Wfloat-equal -Wpointer-arith -Wcast-align -Wall -Werror _mkltmpzzbwoX.c -o _mkltmpzzbwoX.c.o  -L/home/nejoo/Escritorio/T2-SistemasDistribuidos/node_modules/node-rdkafka/build/deps -lsasl2 -lz -ldl -lpthread -lrt -lpthread -lrt
DBG 42447: compile check for libsasl2 (WITH_SASL_CYRUS) failed: gcc  -g -O2 -fPIC -Wall -Wsign-compare -Wfloat-equal -Wpointer-arith -Wcast-align -Wall -Werror _mkltmpzzbwoX.c -o _mkltmpzzbwoX.c.o  -L/home/nejoo/Escritorio/T2-SistemasDistribuidos/node_modules/node-rdkafka/build/deps -lsasl2 -lz -ldl -lpthread -lrt -lpthread -lrt: _mkltmpzzbwoX.c:3:10: fatal error: sasl/sasl.h: No existe el archivo o el directorio
    3 | #include <sasl/sasl.h>
      |          ^~~~~~~~~~~~~
compilation terminated.
DBG 42447: Setting libsasl2 (libsasl2) status to failed (action disable)
DBG 42447: Check libsasl2 (WITH_SASL_CYRUS, action disable (originally disable)) failed: compile check failed:
CC: CC
flags: -lsasl2
gcc  -g -O2 -fPIC -Wall -Wsign-compare -Wfloat-equal -Wpointer-arith -Wcast-align -Wall -Werror _mkltmpzzbwoX.c -o _mkltmpzzbwoX.c.o  -L/home/nejoo/Escritorio/T2-SistemasDistribuidos/node_modules/node-rdkafka/build/deps -lsasl2 -lz -ldl -lpthread -lrt -lpthread -lrt:
_mkltmpzzbwoX.c:3:10: fatal error: sasl/sasl.h: No existe el archivo o el directorio
    3 | #include <sasl/sasl.h>
      |          ^~~~~~~~~~~~~
compilation terminated.
source: 
#include <stddef.h>
#include <sasl/sasl.h>

DBG 42447: pkg-config check libsasl for CFLAGS (WITH_SASL_CYRUS): pkg-config --short-errors --cflags libsasl
DBG 42447: 'pkg-config --short-errors --cflags libsasl' failed: No package 'libsasl' found
DBG 42447: Setting libsasl_PKGCONFIG (libsasl_PKGCONFIG) status to failed (action cont)
DBG 42447: Check libsasl_PKGCONFIG (, action cont (originally cont)) failed: 'pkg-config --short-errors --cflags libsasl' failed:
No package 'libsasl' found
DBG 42447: libsasl: Check for static library (libs -lsasl, arfile variable STATIC_LIB_libsasl=, static filenames )
DBG 42447: Compile check libsasl (WITH_SASL_CYRUS) (sub=0): gcc  -g -O2 -fPIC -Wall -Wsign-compare -Wfloat-equal -Wpointer-arith -Wcast-align -Wall -Werror _mkltmpZRINKG.c -o _mkltmpZRINKG.c.o  -L/home/nejoo/Escritorio/T2-SistemasDistribuidos/node_modules/node-rdkafka/build/deps -lsasl -lz -ldl -lpthread -lrt -lpthread -lrt
DBG 42447: compile check for libsasl (WITH_SASL_CYRUS) failed: gcc  -g -O2 -fPIC -Wall -Wsign-compare -Wfloat-equal -Wpointer-arith -Wcast-align -Wall -Werror _mkltmpZRINKG.c -o _mkltmpZRINKG.c.o  -L/home/nejoo/Escritorio/T2-SistemasDistribuidos/node_modules/node-rdkafka/build/deps -lsasl -lz -ldl -lpthread -lrt -lpthread -lrt: _mkltmpZRINKG.c:3:10: fatal error: sasl/sasl.h: No existe el archivo o el directorio
    3 | #include <sasl/sasl.h>
      |          ^~~~~~~~~~~~~
compilation terminated.
DBG 42447: Setting libsasl (libsasl) status to failed (action disable)
DBG 42447: Check libsasl (WITH_SASL_CYRUS, action disable (originally disable)) failed: compile check failed:
CC: CC
flags: -lsasl
gcc  -g -O2 -fPIC -Wall -Wsign-compare -Wfloat-equal -Wpointer-arith -Wcast-align -Wall -Werror _mkltmpZRINKG.c -o _mkltmpZRINKG.c.o  -L/home/nejoo/Escritorio/T2-SistemasDistribuidos/node_modules/node-rdkafka/build/deps -lsasl -lz -ldl -lpthread -lrt -lpthread -lrt:
_mkltmpZRINKG.c:3:10: fatal error: sasl/sasl.h: No existe el archivo o el directorio
    3 | #include <sasl/sasl.h>
      |          ^~~~~~~~~~~~~
compilation terminated.
source: 
#include <stddef.h>
#include <sasl/sasl.h>

DBG 42447: pkg-config check libzstd for CFLAGS (WITH_ZSTD): pkg-config --short-errors --cflags libzstd
DBG 42447: 'pkg-config --short-errors --cflags libzstd' failed: No package 'libzstd' found
DBG 42447: Setting libzstd_PKGCONFIG (libzstd_PKGCONFIG) status to failed (action cont)
DBG 42447: Check libzstd_PKGCONFIG (, action cont (originally cont)) failed: 'pkg-config --short-errors --cflags libzstd' failed:
No package 'libzstd' found
DBG 42447: libzstd: Check for static library (libs -lzstd, arfile variable STATIC_LIB_libzstd=, static filenames libzstd.a)
DBG 42447: Compile check libzstd (WITH_ZSTD) (sub=0): gcc  -g -O2 -fPIC -Wall -Wsign-compare -Wfloat-equal -Wpointer-arith -Wcast-align -Wall -Werror _mkltmpCtcdgw.c -o _mkltmpCtcdgw.c.o  -L/home/nejoo/Escritorio/T2-SistemasDistribuidos/node_modules/node-rdkafka/build/deps -lzstd -lz -ldl -lpthread -lrt -lpthread -lrt
DBG 42447: compile check for libzstd (WITH_ZSTD) failed: gcc  -g -O2 -fPIC -Wall -Wsign-compare -Wfloat-equal -Wpointer-arith -Wcast-align -Wall -Werror _mkltmpCtcdgw.c -o _mkltmpCtcdgw.c.o  -L/home/nejoo/Escritorio/T2-SistemasDistribuidos/node_modules/node-rdkafka/build/deps -lzstd -lz -ldl -lpthread -lrt -lpthread -lrt: _mkltmpCtcdgw.c:2:10: fatal error: zstd.h: No existe el archivo o el directorio
    2 | #include <zstd.h>
      |          ^~~~~~~~
compilation terminated.
DBG 42447: Setting libzstd (libzstd) status to failed (action disable)
DBG 42447: Check libzstd (WITH_ZSTD, action disable (originally disable)) failed: compile check failed:
CC: CC
flags: -lzstd
gcc  -g -O2 -fPIC -Wall -Wsign-compare -Wfloat-equal -Wpointer-arith -Wcast-align -Wall -Werror _mkltmpCtcdgw.c -o _mkltmpCtcdgw.c.o  -L/home/nejoo/Escritorio/T2-SistemasDistribuidos/node_modules/node-rdkafka/build/deps -lzstd -lz -ldl -lpthread -lrt -lpthread -lrt:
_mkltmpCtcdgw.c:2:10: fatal error: zstd.h: No existe el archivo o el directorio
    2 | #include <zstd.h>
      |          ^~~~~~~~
compilation terminated.
source: 
#include <zstd.h>
#include <zstd_errors.h>

void foo (void) {
     ZSTD_getFrameContentSize(NULL, 0);
}

DBG 42447: pkg-config check libcurl for CFLAGS (WITH_CURL): pkg-config --short-errors --cflags libcurl
DBG 42447: 'pkg-config --short-errors --cflags libcurl' failed: No package 'libcurl' found
DBG 42447: Setting libcurl_PKGCONFIG (libcurl_PKGCONFIG) status to failed (action cont)
DBG 42447: Check libcurl_PKGCONFIG (, action cont (originally cont)) failed: 'pkg-config --short-errors --cflags libcurl' failed:
No package 'libcurl' found
DBG 42447: libcurl: Check for static library (libs -lcurl, arfile variable STATIC_LIB_libcurl=, static filenames libcurl.a)
DBG 42447: Compile check libcurl (WITH_CURL) (sub=0): gcc  -g -O2 -fPIC -Wall -Wsign-compare -Wfloat-equal -Wpointer-arith -Wcast-align -Wall -Werror _mkltmpqJGZZl.c -o _mkltmpqJGZZl.c.o  -L/home/nejoo/Escritorio/T2-SistemasDistribuidos/node_modules/node-rdkafka/build/deps -lcurl -lz -ldl -lpthread -lrt -lpthread -lrt
DBG 42447: compile check for libcurl (WITH_CURL) failed: gcc  -g -O2 -fPIC -Wall -Wsign-compare -Wfloat-equal -Wpointer-arith -Wcast-align -Wall -Werror _mkltmpqJGZZl.c -o _mkltmpqJGZZl.c.o  -L/home/nejoo/Escritorio/T2-SistemasDistribuidos/node_modules/node-rdkafka/build/deps -lcurl -lz -ldl -lpthread -lrt -lpthread -lrt: _mkltmpqJGZZl.c:2:10: fatal error: curl/curl.h: No existe el archivo o el directorio
    2 | #include <curl/curl.h>
      |          ^~~~~~~~~~~~~
compilation terminated.
DBG 42447: Setting libcurl (libcurl) status to failed (action disable)
DBG 42447: Check libcurl (WITH_CURL, action disable (originally disable)) failed: compile check failed:
CC: CC
flags: -lcurl
gcc  -g -O2 -fPIC -Wall -Wsign-compare -Wfloat-equal -Wpointer-arith -Wcast-align -Wall -Werror _mkltmpqJGZZl.c -o _mkltmpqJGZZl.c.o  -L/home/nejoo/Escritorio/T2-SistemasDistribuidos/node_modules/node-rdkafka/build/deps -lcurl -lz -ldl -lpthread -lrt -lpthread -lrt:
_mkltmpqJGZZl.c:2:10: fatal error: curl/curl.h: No existe el archivo o el directorio
    2 | #include <curl/curl.h>
      |          ^~~~~~~~~~~~~
compilation terminated.
source: 
#include <curl/curl.h>

void foo (void) {
     curl_global_init(CURL_GLOBAL_DEFAULT);
}

DBG 42447: pkg-config check libm for CFLAGS (): pkg-config --short-errors --cflags libm
DBG 42447: 'pkg-config --short-errors --cflags libm' failed: No package 'libm' found
DBG 42447: Setting libm_PKGCONFIG (libm_PKGCONFIG) status to failed (action cont)
DBG 42447: Check libm_PKGCONFIG (, action cont (originally cont)) failed: 'pkg-config --short-errors --cflags libm' failed:
No package 'libm' found
DBG 42447: libm: Check for static library (libs -lm, arfile variable STATIC_LIB_libm=, static filenames )
DBG 42447: Compile check libm () (sub=0): gcc  -g -O2 -fPIC -Wall -Wsign-compare -Wfloat-equal -Wpointer-arith -Wcast-align -Wall -Werror _mkltmpqTcWYu.c -o _mkltmpqTcWYu.c.o  -L/home/nejoo/Escritorio/T2-SistemasDistribuidos/node_modules/node-rdkafka/build/deps -lm -lz -ldl -lpthread -lrt -lpthread -lrt
DBG 42447: Setting libm (libm) status to ok (action disable)
DBG 42447: libm: from lib_check: LIBS: prepend -lm
DBG 42447: pkg-config check liblz4 for CFLAGS (WITH_LZ4_EXT): pkg-config --short-errors --cflags liblz4
DBG 42447: 'pkg-config --short-errors --cflags liblz4' failed: No package 'liblz4' found
DBG 42447: Setting liblz4_PKGCONFIG (liblz4_PKGCONFIG) status to failed (action cont)
DBG 42447: Check liblz4_PKGCONFIG (, action cont (originally cont)) failed: 'pkg-config --short-errors --cflags liblz4' failed:
No package 'liblz4' found
DBG 42447: liblz4: Check for static library (libs -llz4, arfile variable STATIC_LIB_liblz4=, static filenames liblz4.a)
DBG 42447: Compile check liblz4 (WITH_LZ4_EXT) (sub=0): gcc  -g -O2 -fPIC -Wall -Wsign-compare -Wfloat-equal -Wpointer-arith -Wcast-align -Wall -Werror _mkltmpLP7QHa.c -o _mkltmpLP7QHa.c.o  -L/home/nejoo/Escritorio/T2-SistemasDistribuidos/node_modules/node-rdkafka/build/deps -llz4 -lm -lz -ldl -lpthread -lrt -lpthread -lrt
DBG 42447: compile check for liblz4 (WITH_LZ4_EXT) failed: gcc  -g -O2 -fPIC -Wall -Wsign-compare -Wfloat-equal -Wpointer-arith -Wcast-align -Wall -Werror _mkltmpLP7QHa.c -o _mkltmpLP7QHa.c.o  -L/home/nejoo/Escritorio/T2-SistemasDistribuidos/node_modules/node-rdkafka/build/deps -llz4 -lm -lz -ldl -lpthread -lrt -lpthread -lrt: _mkltmpLP7QHa.c:1:10: fatal error: lz4frame.h: No existe el archivo o el directorio
    1 | #include <lz4frame.h>
      |          ^~~~~~~~~~~~
compilation terminated.
DBG 42447: Setting liblz4 (liblz4) status to failed (action disable)
DBG 42447: Check liblz4 (WITH_LZ4_EXT, action disable (originally disable)) failed: compile check failed:
CC: CC
flags: -llz4
gcc  -g -O2 -fPIC -Wall -Wsign-compare -Wfloat-equal -Wpointer-arith -Wcast-align -Wall -Werror _mkltmpLP7QHa.c -o _mkltmpLP7QHa.c.o  -L/home/nejoo/Escritorio/T2-SistemasDistribuidos/node_modules/node-rdkafka/build/deps -llz4 -lm -lz -ldl -lpthread -lrt -lpthread -lrt:
_mkltmpLP7QHa.c:1:10: fatal error: lz4frame.h: No existe el archivo o el directorio
    1 | #include <lz4frame.h>
      |          ^~~~~~~~~~~~
compilation terminated.
source: #include <lz4frame.h>
DBG 42447: Compile check syslog (WITH_SYSLOG) (sub=0): gcc  -g -O2 -fPIC -Wall -Wsign-compare -Wfloat-equal -Wpointer-arith -Wcast-align -Wall -Werror _mkltmpPvLT6m.c -o _mkltmpPvLT6m.c.o  -L/home/nejoo/Escritorio/T2-SistemasDistribuidos/node_modules/node-rdkafka/build/deps  -lm -lz -ldl -lpthread -lrt -lpthread -lrt
DBG 42447: Setting syslog (syslog) status to ok (action disable)
DBG 42447: Compile check rapidjson (WITH_RAPIDJSON) (sub=0): g++  -g -O2 -fPIC -Wall -Wsign-compare -Wfloat-equal -Wpointer-arith -Wcast-align -Wall -Werror _mkltmpz3YJsn.cpp -o _mkltmpz3YJsn.cpp.o  -L/home/nejoo/Escritorio/T2-SistemasDistribuidos/node_modules/node-rdkafka/build/deps  -lm -lz -ldl -lpthread -lrt -lpthread -lrt
DBG 42447: compile check for rapidjson (WITH_RAPIDJSON) failed: g++  -g -O2 -fPIC -Wall -Wsign-compare -Wfloat-equal -Wpointer-arith -Wcast-align -Wall -Werror _mkltmpz3YJsn.cpp -o _mkltmpz3YJsn.cpp.o  -L/home/nejoo/Escritorio/T2-SistemasDistribuidos/node_modules/node-rdkafka/build/deps  -lm -lz -ldl -lpthread -lrt -lpthread -lrt: _mkltmpz3YJsn.cpp:1:10: fatal error: rapidjson/schema.h: No existe el archivo o el directorio
    1 | #include <rapidjson/schema.h>
      |          ^~~~~~~~~~~~~~~~~~~~
compilation terminated.
DBG 42447: Setting rapidjson (rapidjson) status to failed (action disable)
DBG 42447: Check rapidjson (WITH_RAPIDJSON, action disable (originally disable)) failed: compile check failed:
CC: CXX
flags: 
g++  -g -O2 -fPIC -Wall -Wsign-compare -Wfloat-equal -Wpointer-arith -Wcast-align -Wall -Werror _mkltmpz3YJsn.cpp -o _mkltmpz3YJsn.cpp.o  -L/home/nejoo/Escritorio/T2-SistemasDistribuidos/node_modules/node-rdkafka/build/deps  -lm -lz -ldl -lpthread -lrt -lpthread -lrt:
_mkltmpz3YJsn.cpp:1:10: fatal error: rapidjson/schema.h: No existe el archivo o el directorio
    1 | #include <rapidjson/schema.h>
      |          ^~~~~~~~~~~~~~~~~~~~
compilation terminated.
source: #include <rapidjson/schema.h>
DBG 42447: Compile check crc32chw (WITH_CRC32C_HW) (sub=0): gcc  -g -O2 -fPIC -Wall -Wsign-compare -Wfloat-equal -Wpointer-arith -Wcast-align -Wall -Werror _mkltmp5Ly5li.c -o _mkltmp5Ly5li.c.o  -L/home/nejoo/Escritorio/T2-SistemasDistribuidos/node_modules/node-rdkafka/build/deps  -lm -lz -ldl -lpthread -lrt -lpthread -lrt
DBG 42447: Setting crc32chw (crc32chw) status to ok (action disable)
DBG 42447: Compile check regex (HAVE_REGEX) (sub=0): gcc  -g -O2 -fPIC -Wall -Wsign-compare -Wfloat-equal -Wpointer-arith -Wcast-align -Wall -Werror _mkltmpZ0CXlw.c -o _mkltmpZ0CXlw.c.o  -L/home/nejoo/Escritorio/T2-SistemasDistribuidos/node_modules/node-rdkafka/build/deps  -lm -lz -ldl -lpthread -lrt -lpthread -lrt
DBG 42447: Setting regex (regex) status to ok (action disable)
DBG 42447: Compile check rand_r (HAVE_RAND_R) (sub=0): gcc  -g -O2 -fPIC -Wall -Wsign-compare -Wfloat-equal -Wpointer-arith -Wcast-align -Wall -Werror _mkltmpbEEU53.c -o _mkltmpbEEU53.c.o  -L/home/nejoo/Escritorio/T2-SistemasDistribuidos/node_modules/node-rdkafka/build/deps  -lm -lz -ldl -lpthread -lrt -lpthread -lrt
DBG 42447: Setting rand_r (rand_r) status to ok (action disable)
DBG 42447: Compile check strndup (HAVE_STRNDUP) (sub=0): gcc  -g -O2 -fPIC -Wall -Wsign-compare -Wfloat-equal -Wpointer-arith -Wcast-align -Wall -Werror _mkltmp0uwWFx.c -o _mkltmp0uwWFx.c.o  -L/home/nejoo/Escritorio/T2-SistemasDistribuidos/node_modules/node-rdkafka/build/deps  -lm -lz -ldl -lpthread -lrt -lpthread -lrt
DBG 42447: Setting strndup (strndup) status to ok (action disable)
DBG 42447: Compile check strlcpy (HAVE_STRLCPY) (sub=0): gcc  -g -O2 -fPIC -Wall -Wsign-compare -Wfloat-equal -Wpointer-arith -Wcast-align -Wall -Werror _mkltmpKL9g3u.c -o _mkltmpKL9g3u.c.o  -L/home/nejoo/Escritorio/T2-SistemasDistribuidos/node_modules/node-rdkafka/build/deps  -lm -lz -ldl -lpthread -lrt -lpthread -lrt
DBG 42447: compile check for strlcpy (HAVE_STRLCPY) failed: gcc  -g -O2 -fPIC -Wall -Wsign-compare -Wfloat-equal -Wpointer-arith -Wcast-align -Wall -Werror _mkltmpKL9g3u.c -o _mkltmpKL9g3u.c.o  -L/home/nejoo/Escritorio/T2-SistemasDistribuidos/node_modules/node-rdkafka/build/deps  -lm -lz -ldl -lpthread -lrt -lpthread -lrt: _mkltmpKL9g3u.c: In function ‘foo’:
_mkltmpKL9g3u.c:6:11: error: implicit declaration of function ‘strlcpy’; did you mean ‘strncpy’? [-Werror=implicit-function-declaration]
    6 |    return strlcpy(dest, "something", sizeof(dest));
      |           ^~~~~~~
      |           strncpy
cc1: all warnings being treated as errors
DBG 42447: Setting strlcpy (strlcpy) status to failed (action disable)
DBG 42447: Check strlcpy (HAVE_STRLCPY, action disable (originally disable)) failed: compile check failed:
CC: CC
flags: 
gcc  -g -O2 -fPIC -Wall -Wsign-compare -Wfloat-equal -Wpointer-arith -Wcast-align -Wall -Werror _mkltmpKL9g3u.c -o _mkltmpKL9g3u.c.o  -L/home/nejoo/Escritorio/T2-SistemasDistribuidos/node_modules/node-rdkafka/build/deps  -lm -lz -ldl -lpthread -lrt -lpthread -lrt:
_mkltmpKL9g3u.c: In function ‘foo’:
_mkltmpKL9g3u.c:6:11: error: implicit declaration of function ‘strlcpy’; did you mean ‘strncpy’? [-Werror=implicit-function-declaration]
    6 |    return strlcpy(dest, "something", sizeof(dest));
      |           ^~~~~~~
      |           strncpy
cc1: all warnings being treated as errors
source: 
#define _DARWIN_C_SOURCE
#include <string.h>
int foo (void) {
    char dest[4];
   return strlcpy(dest, "something", sizeof(dest));
}
DBG 42447: Compile check strerror_r (HAVE_STRERROR_R) (sub=0): gcc  -g -O2 -fPIC -Wall -Wsign-compare -Wfloat-equal -Wpointer-arith -Wcast-align -Wall -Werror _mkltmp5kf8an.c -o _mkltmp5kf8an.c.o  -L/home/nejoo/Escritorio/T2-SistemasDistribuidos/node_modules/node-rdkafka/build/deps  -lm -lz -ldl -lpthread -lrt -lpthread -lrt
DBG 42447: Setting strerror_r (strerror_r) status to ok (action disable)
DBG 42447: Compile check strcasestr (HAVE_STRCASESTR) (sub=0): gcc  -g -O2 -fPIC -Wall -Wsign-compare -Wfloat-equal -Wpointer-arith -Wcast-align -Wall -Werror _mkltmp1wpCYh.c -o _mkltmp1wpCYh.c.o  -L/home/nejoo/Escritorio/T2-SistemasDistribuidos/node_modules/node-rdkafka/build/deps  -lm -lz -ldl -lpthread -lrt -lpthread -lrt
DBG 42447: Setting strcasestr (strcasestr) status to ok (action disable)
DBG 42447: Compile check pthread_setname_gnu (HAVE_PTHREAD_SETNAME_GNU) (sub=0): gcc  -g -O2 -fPIC -Wall -Wsign-compare -Wfloat-equal -Wpointer-arith -Wcast-align -Wall -Werror _mkltmpKNM1sb.c -o _mkltmpKNM1sb.c.o  -L/home/nejoo/Escritorio/T2-SistemasDistribuidos/node_modules/node-rdkafka/build/deps -D_GNU_SOURCE -lpthread -lm -lz -ldl -lpthread -lrt -lpthread -lrt
DBG 42447: Setting pthread_setname_gnu (pthread_setname_gnu) status to ok (action disable)
DBG 42447: Setting nm (nm) status to ok (action cont)
DBG 42447: Setting python3 (python3) status to ok (action disable)
DBG 42447: Compile check getrusage (HAVE_GETRUSAGE) (sub=0): gcc  -g -O2 -fPIC -Wall -Wsign-compare -Wfloat-equal -Wpointer-arith -Wcast-align -Wall -Werror _mkltmpnyor9c.c -o _mkltmpnyor9c.c.o  -L/home/nejoo/Escritorio/T2-SistemasDistribuidos/node_modules/node-rdkafka/build/deps  -lm -lz -ldl -lpthread -lrt -lpthread -lrt
DBG 42447: Setting getrusage (getrusage) status to ok (action disable)
